<?xml version="1.0" encoding="UTF-8"?>
<testsuite xmlns:xsi="http://www.w3.org/2001/XMLSchema-instance" xsi:noNamespaceSchemaLocation="https://maven.apache.org/surefire/maven-surefire-plugin/xsd/surefire-test-report.xsd" name="com.mycompany.app.AppTest" time="0.025" tests="1" errors="0" skipped="0" failures="0">
  <properties>
    <property name="gopherProxySet" value="false"/>
    <property name="awt.toolkit" value="sun.lwawt.macosx.LWCToolkit"/>
    <property name="file.encoding.pkg" value="sun.io"/>
    <property name="java.specification.version" value="1.8"/>
    <property name="sun.cpu.isalist" value=""/>
    <property name="sun.jnu.encoding" value="UTF-8"/>
    <property name="java.class.path" value="/Users/nmamc404/Downloads/maven/project/my-app/target/test-classes:/Users/nmamc404/Downloads/maven/project/my-app/target/classes:/Users/nmamc404/.m2/repository/junit/junit/4.11/junit-4.11.jar:/Users/nmamc404/.m2/repository/org/hamcrest/hamcrest-core/1.3/hamcrest-core-1.3.jar:"/>
    <property name="java.vm.vendor" value="JetBrains s.r.o"/>
    <property name="sun.arch.data.model" value="64"/>
    <property name="java.vendor.url" value="https://www.jetbrains.com/"/>
    <property name="user.timezone" value=""/>
    <property name="java.vm.specification.version" value="1.8"/>
    <property name="os.name" value="Mac OS X"/>
    <property name="user.country" value="US"/>
    <property name="sun.java.launcher" value="SUN_STANDARD"/>
    <property name="sun.boot.library.path" value="/opt/anaconda3/jre/lib"/>
    <property name="sun.java.command" value="/Users/nmamc404/Downloads/maven/project/my-app/target/surefire/surefirebooter8182218438495829243.jar /Users/nmamc404/Downloads/maven/project/my-app/target/surefire 2020-03-02T13-37-50_824-jvmRun1 surefire7203961213972547163tmp surefire_07594212760966518309tmp"/>
    <property name="surefire.test.class.path" value="/Users/nmamc404/Downloads/maven/project/my-app/target/test-classes:/Users/nmamc404/Downloads/maven/project/my-app/target/classes:/Users/nmamc404/.m2/repository/junit/junit/4.11/junit-4.11.jar:/Users/nmamc404/.m2/repository/org/hamcrest/hamcrest-core/1.3/hamcrest-core-1.3.jar:"/>
    <property name="sun.cpu.endian" value="little"/>
    <property name="user.home" value="/Users/nmamc404"/>
    <property name="user.language" value="en"/>
    <property name="java.specification.vendor" value="Oracle Corporation"/>
    <property name="java.home" value="/opt/anaconda3/jre"/>
    <property name="basedir" value="/Users/nmamc404/Downloads/maven/project/my-app"/>
    <property name="file.separator" value="/"/>
    <property name="line.separator" value="&#10;"/>
    <property name="java.vm.specification.vendor" value="Oracle Corporation"/>
    <property name="java.specification.name" value="Java Platform API Specification"/>
    <property name="java.awt.graphicsenv" value="sun.awt.CGraphicsEnvironment"/>
    <property name="surefire.real.class.path" value="/Users/nmamc404/Downloads/maven/project/my-app/target/surefire/surefirebooter8182218438495829243.jar"/>
    <property name="sun.boot.class.path" value="/opt/anaconda3/jre/lib/resources.jar:/opt/anaconda3/jre/lib/rt.jar:/opt/anaconda3/jre/lib/sunrsasign.jar:/opt/anaconda3/jre/lib/jsse.jar:/opt/anaconda3/jre/lib/jce.jar:/opt/anaconda3/jre/lib/charsets.jar:/opt/anaconda3/jre/lib/jfr.jar:/opt/anaconda3/jre/classes"/>
    <property name="sun.management.compiler" value="HotSpot 64-Bit Tiered Compilers"/>
    <property name="java.runtime.version" value="1.8.0_152-release-1056-b12"/>
    <property name="user.name" value="nmamc404"/>
    <property name="path.separator" value=":"/>
    <property name="os.version" value="10.14.4"/>
    <property name="java.endorsed.dirs" value="/opt/anaconda3/jre/lib/endorsed"/>
    <property name="java.runtime.name" value="OpenJDK Runtime Environment"/>
    <property name="file.encoding" value="UTF-8"/>
    <property name="java.vm.name" value="OpenJDK 64-Bit Server VM"/>
    <property name="localRepository" value="/Users/nmamc404/.m2/repository"/>
    <property name="java.vendor.url.bug" value="https://youtrack.jetbrains.com"/>
    <property name="java.io.tmpdir" value="/var/folders/53/07wn6jtn1xqc147t1prx2z6wmc0zkm/T/"/>
    <property name="java.version" value="1.8.0_152-release"/>
    <property name="user.dir" value="/Users/nmamc404/Downloads/maven/project/my-app"/>
    <property name="os.arch" value="x86_64"/>
    <property name="java.vm.specification.name" value="Java Virtual Machine Specification"/>
    <property name="java.awt.printerjob" value="sun.lwawt.macosx.CPrinterJob"/>
    <property name="sun.os.patch.level" value="unknown"/>
    <property name="java.library.path" value="/Users/nmamc404/Library/Java/Extensions:/Library/Java/Extensions:/Network/Library/Java/Extensions:/System/Library/Java/Extensions:/usr/lib/java:."/>
    <property name="java.vm.info" value="mixed mode"/>
    <property name="java.vendor" value="JetBrains s.r.o"/>
    <property name="java.vm.version" value="25.152-b12"/>
    <property name="java.ext.dirs" value="/Users/nmamc404/Library/Java/Extensions:/opt/anaconda3/jre/lib/ext:/Library/Java/Extensions:/Network/Library/Java/Extensions:/System/Library/Java/Extensions:/usr/lib/java"/>
    <property name="sun.io.unicode.encoding" value="UnicodeBig"/>
    <property name="java.class.version" value="52.0"/>
  </properties>
  <testcase name="shouldAnswerWithTrue" classname="com.mycompany.app.AppTest" time="0.001"/>
</testsuite>